2561-10-27 16:33:27,222 [INFO] from application in play-dev-mode-akka.actor.default-dispatcher-3 - ApplicationTimer demo: Starting application at 2018-10-27T09:33:27.219822200Z
2561-10-27 16:33:27,714 [INFO] from play.api.http.EnabledFilters in play-dev-mode-akka.actor.default-dispatcher-3 - Enabled Filters (see <https://www.playframework.com/documentation/latest/Filters>):

    play.filters.csrf.CSRFFilter

2561-10-27 16:33:28,456 [INFO] from play.api.Play in play-dev-mode-akka.actor.default-dispatcher-3 - Application started (Dev)
2561-10-27 16:38:31,470 [INFO] from application in application-akka.actor.default-dispatcher-11 - ApplicationTimer demo: Stopping application at 2018-10-27T09:38:31.454133Z after 304s.
2561-10-27 16:38:32,174 [INFO] from application in play-dev-mode-akka.actor.default-dispatcher-15 - ApplicationTimer demo: Starting application at 2018-10-27T09:38:32.164692700Z
2561-10-27 16:38:32,487 [INFO] from play.api.http.EnabledFilters in play-dev-mode-akka.actor.default-dispatcher-15 - Enabled Filters (see <https://www.playframework.com/documentation/latest/Filters>):

    play.filters.csrf.CSRFFilter

2561-10-27 16:38:32,540 [INFO] from play.api.Play in play-dev-mode-akka.actor.default-dispatcher-15 - Application started (Dev)
2561-10-27 16:43:11,430 [INFO] from application in application-akka.actor.default-dispatcher-3 - ApplicationTimer demo: Stopping application at 2018-10-27T09:43:11.429626100Z after 279s.
2561-10-27 16:43:12,194 [INFO] from application in play-dev-mode-akka.actor.default-dispatcher-17 - ApplicationTimer demo: Starting application at 2018-10-27T09:43:12.192157100Z
2561-10-27 16:43:12,590 [INFO] from play.api.http.EnabledFilters in play-dev-mode-akka.actor.default-dispatcher-17 - Enabled Filters (see <https://www.playframework.com/documentation/latest/Filters>):

    play.filters.csrf.CSRFFilter

2561-10-27 16:43:12,639 [INFO] from play.api.Play in play-dev-mode-akka.actor.default-dispatcher-17 - Application started (Dev)
2561-10-27 16:44:37,572 [INFO] from application in application-akka.actor.default-dispatcher-6 - ApplicationTimer demo: Stopping application at 2018-10-27T09:44:37.568253300Z after 85s.
2561-10-27 16:44:38,100 [INFO] from application in play-dev-mode-akka.actor.default-dispatcher-23 - ApplicationTimer demo: Starting application at 2018-10-27T09:44:38.098925300Z
2561-10-27 16:44:38,293 [INFO] from play.api.http.EnabledFilters in play-dev-mode-akka.actor.default-dispatcher-23 - Enabled Filters (see <https://www.playframework.com/documentation/latest/Filters>):

    play.filters.csrf.CSRFFilter

2561-10-27 16:44:38,328 [INFO] from play.api.Play in play-dev-mode-akka.actor.default-dispatcher-23 - Application started (Dev)
2561-10-27 16:45:31,517 [INFO] from application in application-akka.actor.default-dispatcher-7 - ApplicationTimer demo: Stopping application at 2018-10-27T09:45:31.515974700Z after 53s.
2561-10-27 16:45:32,038 [INFO] from application in play-dev-mode-akka.actor.default-dispatcher-29 - ApplicationTimer demo: Starting application at 2018-10-27T09:45:32.035653600Z
2561-10-27 16:45:32,920 [INFO] from play.api.http.EnabledFilters in play-dev-mode-akka.actor.default-dispatcher-29 - Enabled Filters (see <https://www.playframework.com/documentation/latest/Filters>):

    play.filters.csrf.CSRFFilter

2561-10-27 16:45:32,952 [INFO] from play.api.Play in play-dev-mode-akka.actor.default-dispatcher-29 - Application started (Dev)
2561-10-27 16:46:20,889 [INFO] from application in application-akka.actor.default-dispatcher-11 - ApplicationTimer demo: Stopping application at 2018-10-27T09:46:20.887554500Z after 48s.
2561-10-27 16:46:21,375 [INFO] from application in play-dev-mode-akka.actor.default-dispatcher-42 - ApplicationTimer demo: Starting application at 2018-10-27T09:46:21.373255800Z
2561-10-27 16:46:21,586 [INFO] from play.api.http.EnabledFilters in play-dev-mode-akka.actor.default-dispatcher-42 - Enabled Filters (see <https://www.playframework.com/documentation/latest/Filters>):

    play.filters.csrf.CSRFFilter

2561-10-27 16:46:21,616 [INFO] from play.api.Play in play-dev-mode-akka.actor.default-dispatcher-42 - Application started (Dev)
2561-10-27 16:50:03,290 [INFO] from application in application-akka.actor.default-dispatcher-2 - ApplicationTimer demo: Stopping application at 2018-10-27T09:50:03.289796900Z after 222s.
2561-10-27 16:50:03,773 [INFO] from application in play-dev-mode-akka.actor.default-dispatcher-48 - ApplicationTimer demo: Starting application at 2018-10-27T09:50:03.772500200Z
2561-10-27 16:50:03,942 [INFO] from play.api.http.EnabledFilters in play-dev-mode-akka.actor.default-dispatcher-48 - Enabled Filters (see <https://www.playframework.com/documentation/latest/Filters>):

    play.filters.csrf.CSRFFilter

2561-10-27 16:50:03,960 [INFO] from play.api.Play in play-dev-mode-akka.actor.default-dispatcher-48 - Application started (Dev)
2561-10-27 16:50:39,747 [INFO] from application in application-akka.actor.default-dispatcher-4 - ApplicationTimer demo: Stopping application at 2018-10-27T09:50:39.736186100Z after 36s.
2561-10-27 16:50:40,599 [INFO] from application in play-dev-mode-akka.actor.default-dispatcher-49 - ApplicationTimer demo: Starting application at 2018-10-27T09:50:40.598651900Z
2561-10-27 16:50:41,183 [INFO] from play.api.http.EnabledFilters in play-dev-mode-akka.actor.default-dispatcher-49 - Enabled Filters (see <https://www.playframework.com/documentation/latest/Filters>):

    play.filters.csrf.CSRFFilter

2561-10-27 16:50:41,258 [INFO] from play.api.Play in play-dev-mode-akka.actor.default-dispatcher-49 - Application started (Dev)
2561-10-27 16:54:26,683 [INFO] from application in application-akka.actor.default-dispatcher-4 - ApplicationTimer demo: Stopping application at 2018-10-27T09:54:26.678316800Z after 226s.
2561-10-27 16:54:27,041 [INFO] from application in play-dev-mode-akka.actor.default-dispatcher-70 - ApplicationTimer demo: Starting application at 2018-10-27T09:54:27.040095800Z
2561-10-27 16:54:27,198 [INFO] from play.api.http.EnabledFilters in play-dev-mode-akka.actor.default-dispatcher-70 - Enabled Filters (see <https://www.playframework.com/documentation/latest/Filters>):

    play.filters.csrf.CSRFFilter

2561-10-27 16:54:27,233 [INFO] from play.api.Play in play-dev-mode-akka.actor.default-dispatcher-70 - Application started (Dev)
2561-10-27 16:54:45,098 [INFO] from application in application-akka.actor.default-dispatcher-10 - ApplicationTimer demo: Stopping application at 2018-10-27T09:54:45.096316100Z after 18s.
2561-10-27 16:54:45,395 [INFO] from application in play-dev-mode-akka.actor.default-dispatcher-67 - ApplicationTimer demo: Starting application at 2018-10-27T09:54:45.394132400Z
2561-10-27 16:54:45,500 [INFO] from play.api.http.EnabledFilters in play-dev-mode-akka.actor.default-dispatcher-67 - Enabled Filters (see <https://www.playframework.com/documentation/latest/Filters>):

    play.filters.csrf.CSRFFilter

2561-10-27 16:54:45,509 [INFO] from play.api.Play in play-dev-mode-akka.actor.default-dispatcher-67 - Application started (Dev)
2561-10-27 17:03:05,050 [INFO] from play.core.server.AkkaHttpServer in pool-7-thread-1 - Stopping server...
2561-10-27 17:03:05,199 [INFO] from application in application-akka.actor.default-dispatcher-11 - ApplicationTimer demo: Stopping application at 2018-10-27T10:03:05.198309900Z after 500s.
